{
  "RSpec": {
    "coverage": {
      "/mnt/e/ruby/messaging/app/models/chat.rb": {
        "lines": [
          1,
          1,
          1,
          1,
          null,
          null,
          null
        ]
      },
      "/mnt/e/ruby/messaging/app/models/application_record.rb": {
        "lines": [
          1,
          1,
          null
        ]
      },
      "/mnt/e/ruby/messaging/app/models/user.rb": {
        "lines": [
          1,
          null,
          1,
          null,
          1,
          1,
          22,
          null,
          null
        ]
      },
      "/mnt/e/ruby/messaging/app/controllers/v1/users/user_controller.rb": {
        "lines": [
          1,
          null,
          1,
          null,
          1,
          3,
          3,
          null,
          3,
          1,
          1,
          1,
          1,
          1,
          1,
          null,
          2,
          2,
          1,
          1,
          1,
          1,
          1,
          null,
          1,
          1,
          1,
          1,
          1,
          null,
          null,
          null,
          null,
          null,
          1,
          2,
          2,
          2,
          1,
          1,
          1,
          null,
          1,
          1,
          1,
          null,
          1,
          null,
          null,
          null,
          1,
          2,
          null,
          null
        ]
      },
      "/mnt/e/ruby/messaging/app/controllers/application_controller.rb": {
        "lines": [
          1,
          1,
          null,
          1,
          12,
          12,
          null,
          12,
          11,
          2,
          1,
          null,
          1,
          null,
          null,
          null
        ]
      },
      "/mnt/e/ruby/messaging/app/controllers/jwt/json_web_token.rb": {
        "lines": [
          1,
          1,
          null,
          1,
          null,
          1,
          null,
          1,
          null,
          1,
          null,
          null,
          1,
          null,
          null,
          12,
          11,
          null,
          null,
          null,
          null
        ]
      },
      "/mnt/e/ruby/messaging/app/controllers/v1/auth_controller.rb": {
        "lines": [
          1,
          1,
          1,
          4,
          4,
          4,
          1,
          1,
          1,
          1,
          1,
          1,
          null,
          3,
          3,
          3,
          null,
          null,
          null,
          1,
          5,
          null,
          null
        ]
      },
      "/mnt/e/ruby/messaging/app/controllers/v1/chats/chat_controller.rb": {
        "lines": [
          1,
          null,
          1,
          1,
          null,
          1,
          1,
          1,
          1,
          null,
          null,
          1,
          null,
          1,
          1,
          null,
          1,
          1,
          null,
          null,
          1,
          1,
          1,
          1,
          null,
          null,
          1,
          null,
          1,
          1,
          1,
          null,
          null,
          0,
          0,
          0,
          null,
          1,
          null,
          null,
          1,
          1,
          1,
          1,
          null,
          null,
          1,
          1,
          1,
          1,
          null,
          null,
          1,
          null,
          1,
          null,
          1,
          1,
          2,
          2,
          2,
          0,
          0,
          null,
          null,
          0,
          null,
          null,
          null,
          null,
          2,
          2,
          2,
          2,
          2,
          null,
          null,
          1,
          1,
          1,
          1,
          null,
          null,
          1,
          3,
          null,
          3,
          3,
          3,
          3,
          3,
          null,
          3,
          null,
          3,
          3,
          null,
          3,
          null,
          2,
          2,
          null,
          null,
          2,
          1,
          1,
          1,
          null,
          1,
          1,
          1,
          null,
          null,
          1,
          1,
          1,
          1,
          null,
          null,
          null,
          1,
          3,
          3,
          3,
          1,
          1,
          1,
          1,
          null,
          null,
          null,
          null
        ]
      },
      "/mnt/e/ruby/messaging/app/channels/application_cable/channel.rb": {
        "lines": [
          0,
          0,
          0,
          0
        ],
        "branches": {
        }
      },
      "/mnt/e/ruby/messaging/app/channels/application_cable/connection.rb": {
        "lines": [
          0,
          0,
          0,
          0
        ],
        "branches": {
        }
      },
      "/mnt/e/ruby/messaging/app/jobs/application_job.rb": {
        "lines": [
          0,
          0
        ],
        "branches": {
        }
      },
      "/mnt/e/ruby/messaging/app/mailers/application_mailer.rb": {
        "lines": [
          0,
          0,
          0,
          0
        ],
        "branches": {
        }
      }
    },
    "timestamp": 1640966692
  }
}
